2025/09/22 15:47:22 main.go:38: 程序启动 - Go版本: go1.23.12, 系统: windows/amd64
2025/09/22 15:47:22 main.go:41: 检测到Windows环境
2025/09/22 15:47:22 main.go:49: 开始创建主窗口...
2025/09/22 15:47:22 main.go:62: 主窗口创建成功，开始运行GUI...
2025/09/22 15:47:22 main_window.go:89: 创建主窗口...
2025/09/22 15:47:22 main_window.go:101: 窗口创建成功，设置属性...
2025/09/22 15:47:22 main_window.go:116: 初始化UI组件...
2025/09/22 15:47:23 main_window.go:79: GUI运行时错误: runtime error: invalid memory address or nil pointer dereference
2025/09/22 15:47:23 main.go:26: PANIC: 程序发生错误: runtime error: invalid memory address or nil pointer dereference
运行环境: windows/amd64
2025/09/22 16:45:13 main.go:38: 程序启动 - Go版本: go1.23.12, 系统: windows/amd64
2025/09/22 16:45:13 main.go:41: 检测到Windows环境
2025/09/22 16:45:13 main.go:45: 控制台模式启动
2025/09/22 16:45:13 main.go:49: 开始创建主窗口...
2025/09/22 16:45:13 main.go:62: 主窗口创建成功，开始运行GUI...
2025/09/22 16:45:13 main_window.go:89: 创建主窗口...
2025/09/22 16:45:13 main_window.go:101: 窗口创建成功，设置属性...
2025/09/22 16:45:13 main_window.go:116: 初始化UI组件...
2025/09/22 16:45:13 main_window.go:79: GUI运行时错误: runtime error: invalid memory address or nil pointer dereference
2025/09/22 16:45:13 main.go:26: PANIC: 程序发生错误: runtime error: invalid memory address or nil pointer dereference
运行环境: windows/amd64
